c:\users\ximen\source\repos\graphics2023i\graphics2023i\debug\vc143.pdb
c:\users\ximen\source\repos\graphics2023i\graphics2023i\debug\vc143.idb
c:\users\ximen\source\repos\graphics2023i\graphics2023i\debug\matrix4d.obj
c:\users\ximen\source\repos\graphics2023i\graphics2023i\debug\graphics2023i.obj
c:\users\ximen\source\repos\graphics2023i\graphics2023i\debug\cdxmanager.obj
c:\users\ximen\source\repos\graphics2023i\graphics2023i\debug\ccanvas.obj
c:\users\ximen\source\repos\graphics2023i\graphics2023i\debug\graphics2023i.ilk
c:\users\ximen\source\repos\graphics2023i\debug\graphics2023i.exe
c:\users\ximen\source\repos\graphics2023i\debug\graphics2023i.pdb
c:\users\ximen\source\repos\graphics2023i\graphics2023i\debug\graphics2023i.res
c:\users\ximen\source\repos\graphics2023i\graphics2023i\debug\graphics2023i.tlog\cl.command.1.tlog
c:\users\ximen\source\repos\graphics2023i\graphics2023i\debug\graphics2023i.tlog\cl.items.tlog
c:\users\ximen\source\repos\graphics2023i\graphics2023i\debug\graphics2023i.tlog\cl.read.1.tlog
c:\users\ximen\source\repos\graphics2023i\graphics2023i\debug\graphics2023i.tlog\cl.write.1.tlog
c:\users\ximen\source\repos\graphics2023i\graphics2023i\debug\graphics2023i.tlog\link.command.1.tlog
c:\users\ximen\source\repos\graphics2023i\graphics2023i\debug\graphics2023i.tlog\link.read.1.tlog
c:\users\ximen\source\repos\graphics2023i\graphics2023i\debug\graphics2023i.tlog\link.write.1.tlog
c:\users\ximen\source\repos\graphics2023i\graphics2023i\debug\graphics2023i.tlog\rc.command.1.tlog
c:\users\ximen\source\repos\graphics2023i\graphics2023i\debug\graphics2023i.tlog\rc.read.1.tlog
c:\users\ximen\source\repos\graphics2023i\graphics2023i\debug\graphics2023i.tlog\rc.write.1.tlog
